0 info it worked if it ends with ok
1 verbose cli [ '/usr/local/Cellar/node/5.9.1/bin/node',
1 verbose cli   '/usr/local/bin/npm',
1 verbose cli   'run',
1 verbose cli   'production' ]
2 info using npm@3.7.3
3 info using node@v5.9.1
4 verbose run-script [ 'preproduction', 'production', 'postproduction' ]
5 info lifecycle react-fundamentals-curriculum@1.0.0~preproduction: react-fundamentals-curriculum@1.0.0
6 silly lifecycle react-fundamentals-curriculum@1.0.0~preproduction: no script for preproduction, continuing
7 info lifecycle react-fundamentals-curriculum@1.0.0~production: react-fundamentals-curriculum@1.0.0
8 verbose lifecycle react-fundamentals-curriculum@1.0.0~production: unsafe-perm in lifecycle true
9 verbose lifecycle react-fundamentals-curriculum@1.0.0~production: PATH: /usr/local/lib/node_modules/npm/bin/node-gyp-bin:/Users/carconper/Projects/react/reacttraining/weather-app/react-fundamentals-curriculum/node_modules/.bin:/usr/local/Cellar/node/5.9.1/bin:/Users/carconper/google-cloud-sdk/bin:/usr/local/bin:/usr/bin:/bin:/usr/sbin:/sbin:/Library/Frameworks/Mono.framework/Versions/Current/Commands:/Users/carconper/Projects/erlang-hackathon-ericsson/rebar
10 verbose lifecycle react-fundamentals-curriculum@1.0.0~production: CWD: /Users/carconper/Projects/react/reacttraining/weather-app/react-fundamentals-curriculum
11 silly lifecycle react-fundamentals-curriculum@1.0.0~production: Args: [ '-c', 'webpack -p' ]
12 silly lifecycle react-fundamentals-curriculum@1.0.0~production: Returned: code: 2  signal: null
13 info lifecycle react-fundamentals-curriculum@1.0.0~production: Failed to exec production script
14 verbose stack Error: react-fundamentals-curriculum@1.0.0 production: `webpack -p`
14 verbose stack Exit status 2
14 verbose stack     at EventEmitter.<anonymous> (/usr/local/lib/node_modules/npm/lib/utils/lifecycle.js:239:16)
14 verbose stack     at emitTwo (events.js:100:13)
14 verbose stack     at EventEmitter.emit (events.js:185:7)
14 verbose stack     at ChildProcess.<anonymous> (/usr/local/lib/node_modules/npm/lib/utils/spawn.js:24:14)
14 verbose stack     at emitTwo (events.js:100:13)
14 verbose stack     at ChildProcess.emit (events.js:185:7)
14 verbose stack     at maybeClose (internal/child_process.js:850:16)
14 verbose stack     at Process.ChildProcess._handle.onexit (internal/child_process.js:215:5)
15 verbose pkgid react-fundamentals-curriculum@1.0.0
16 verbose cwd /Users/carconper/Projects/react/reacttraining/weather-app/react-fundamentals-curriculum
17 error Darwin 16.5.0
18 error argv "/usr/local/Cellar/node/5.9.1/bin/node" "/usr/local/bin/npm" "run" "production"
19 error node v5.9.1
20 error npm  v3.7.3
21 error code ELIFECYCLE
22 error react-fundamentals-curriculum@1.0.0 production: `webpack -p`
22 error Exit status 2
23 error Failed at the react-fundamentals-curriculum@1.0.0 production script 'webpack -p'.
23 error Make sure you have the latest version of node.js and npm installed.
23 error If you do, this is most likely a problem with the react-fundamentals-curriculum package,
23 error not with npm itself.
23 error Tell the author that this fails on your system:
23 error     webpack -p
23 error You can get information on how to open an issue for this project with:
23 error     npm bugs react-fundamentals-curriculum
23 error Or if that isn't available, you can get their info via:
23 error     npm owner ls react-fundamentals-curriculum
23 error There is likely additional logging output above.
24 verbose exit [ 1, true ]
